
2013-07-20 13:18:00 FB-G1 [done]
FB-G2 [done]
FB-G3 [done]

2013-07-20 14:01:01 FB-G4 [done]
GAR-DD-LSBK [done]
GAR-DD-WSP1 [done]

2013-07-20 15:01:01 AIR-APS35N [done]
AIR-APS55N [done]
AIR-APS75B [done]

2013-07-20 15:41:22 AIR-APS35N [done]
AIR-APS55N [done]
AIR-APS75B [done]

2013-07-20 15:45:13 AIR-ASS55N [done]
ARN-ARST15A-BK [done]
ARN-ARST20A-BK [done]

2013-07-20 16:01:01 ARN-ARST20A-KA [done]
ARN-ARST20L-BK [done]
ARN-ARST20L-MR [done]

2013-07-20 17:01:01 AIR-APS35N [done]
AIR-APS55N [done]
AIR-APS75B [done]

2013-07-20 18:01:01 AIR-APS35N [done]
AIR-APS55N [done]
AIR-APS75B [done]

2013-07-20 19:01:01 AIR-ASS55N [done]
ARN-ARST15A-BK [done]
ARN-ARST20A-BK [done]

2013-07-20 20:01:01 ARN-ARST20A-KA [done]
ARN-ARST20L-BK [done]
ARN-ARST20L-MR [done]

2013-07-20 21:01:01 ARN-ARST20L-PK [done]
ARN-ARST20L-RD [done]
ARN-ARST30L-BK [done]

2013-07-20 22:01:01 ARN-ARST30L-MR [done]
ARN-CLS-BN [done]
ARN-GRD-BK [done]

2013-07-20 23:01:02 ARN-GRD-RD [done]
ARN-HSH-BK [done]
ARN-HSH-RD [done]

2013-07-21 00:01:01 ARN-HSH-TN [done]
ARN-IND-BL [done]
ARN-IND-PA [done]

2013-07-21 01:01:01 ARN-IND-RD [done]
ARN-NAC [done]
ARN-NIM-BK [done]

2013-07-21 02:01:02 ARN-NIM-BN [done]
ARN-NIM-RD [done]
ARN-RSF40 [done]

2013-07-21 03:01:01 ARN-SAS [done]
ARN-TGA [done]
ARN-YEC [done]

2013-07-21 04:01:01 ATG-AT1105-CD [done]
BR-BERT [done]
BR-RS-4 [done]

2013-07-21 05:01:02 BR-RS-5 [done]
BR-RS-7 [done]
BR-FR-3 [done]

2013-07-21 06:01:01 BR-FR-T1 [done]
BUI-E-SSC-BLK [done]
CAL-DCS-101-BK [done]

2013-07-21 07:01:01 CAL-DHS-101-BK [done]
CAS-CS-3 [done]
CAS-FS-PRO [done]

2013-07-21 08:01:01 CAS-DS-2 [done]
CAS-FS-FUS [done]
CAS-FS-TUX [done]

2013-07-21 09:01:01 CIE-CSB-1855-01 [done]
CIE-CSB-1855-02 [done]
CIE-CSB-1855-03 [done]

2013-07-21 10:01:01 CIE-CSB-1855-04 [done]
CIE-HC-EOSM-LBN [done]
DIA-NS25-PU [done]

2013-07-21 11:01:01 DIC-WP-510 [done]
DIC-WP-570 [done]
DIC-WP-610 [done]

2013-07-21 12:01:01 DIC-WP-ONE [done]
ELE-DGS-007WH [done]
ELE-DGS-ICH004BK [done]

2013-07-21 13:01:01 ELE-DGS-ICH004BR [done]
ELE-DVB-013BK [done]
FB-G1 [done]

2013-07-21 14:01:01 FB-G2 [done]
FB-G3 [done]
FB-G4 [done]

2013-07-21 15:01:01 GAR-DD-LSBK [done]
GAR-DD-WSP1 [done]
GAR-DD-WSP2 [done]

2013-07-21 16:01:01 GAR-DD-WSP3 [done]
GAR-DD-WSP5 [done]
GAR-XA-CHLSNBK [done]

2013-07-21 17:01:01 GAR-XA-CHLSNBR [done]
GAR-XA-CHLSNC [done]
GAR-XA-CHLSNLB [done]

2013-07-21 18:01:01 AIR-APS35N [done]
AIR-APS55N [done]
AIR-APS75B [done]

2013-07-21 19:01:01 AIR-APS35N [done]
AIR-APS55N [done]
AIR-APS75B [done]

2013-07-21 20:01:01 AIR-ASS55N [done]
ARN-ARST15A-BK [done]
ARN-ARST20A-BK [done]

2013-07-21 21:01:01 ARN-ARST20A-KA [done]
ARN-ARST20L-BK [done]
ARN-ARST20L-MR [done]

2013-07-21 22:01:01 ARN-ARST20L-PK [done]
ARN-ARST20L-RD [done]
ARN-ARST30L-BK [done]

2013-07-21 23:01:01 ARN-ARST30L-MR [done]
ARN-CLS-BN [done]
ARN-GRD-BK [done]

2013-07-22 00:01:01 ARN-GRD-RD [done]
ARN-HSH-BK [done]
ARN-HSH-RD [done]

2013-07-22 01:01:01 ARN-HSH-TN [done]
ARN-IND-BL [done]
ARN-IND-PA [done]

2013-07-22 02:01:01 ARN-IND-RD [done]
ARN-NAC [done]
ARN-NIM-BK [done]

2013-07-22 03:01:01 ARN-NIM-BN [done]
ARN-NIM-RD [done]
ARN-RSF40 [done]

2013-07-22 04:01:01 ARN-SAS [done]
ARN-TGA [done]
ARN-YEC [done]

2013-07-22 05:01:01 ATG-AT1105-CD [done]
BR-BERT [done]
BR-RS-4 [done]

2013-07-22 06:01:01 BR-RS-5 [done]
BR-RS-7 [done]
BR-FR-3 [done]

2013-07-22 07:01:01 BR-FR-T1 [done]
BUI-E-SSC-BLK [done]
CAL-DCS-101-BK [done]

2013-07-22 08:01:01 CAL-DHS-101-BK [done]
CAS-CS-3 [done]
CAS-FS-PRO [done]

2013-07-22 09:01:01 CAS-DS-2 [done]
CAS-FS-FUS [done]
CAS-FS-TUX [done]

2013-07-22 10:01:01 CIE-CSB-1855-01 [done]
CIE-CSB-1855-02 [done]
CIE-CSB-1855-03 [done]

2013-07-22 11:01:01 CIE-CSB-1855-04 [done]
CIE-HC-EOSM-BKR [done]
CIE-HC-EOSM-DBN [done]

2013-07-22 12:01:01 CIE-HC-EOSM-LBN [done]
DIA-NS25-PU [done]
DIC-WP-510 [done]

2013-07-22 13:01:01 DIC-WP-570 [done]
DIC-WP-610 [done]
DIC-WP-ONE [done]

2013-07-22 14:01:01 ELE-DGS-007WH [done]
ELE-DGS-ICH004BK [done]
ELE-DGS-ICH004BR [done]

2013-07-22 15:01:02 ELE-DVB-013BK [done]
FB-G1 [done]
FB-G2 [done]

2013-07-22 16:01:01 FB-G3 [done]
FB-G4 [done]
GAR-DD-LSBK [done]

2013-07-22 17:01:01 GAR-DD-WSP1 [done]
GAR-DD-WSP2 [done]
GAR-DD-WSP3 [done]

2013-07-22 18:01:01 GAR-DD-WSP5 [done]
GAR-XA-CHLSNBK [done]
GAR-XA-CHLSNBR [done]

2013-07-22 19:01:01 GAR-XA-CHLSNC [done]
GAR-XA-CHLSNLB [done]
GAR-XA-CHLSNRB [done]

2013-07-22 20:01:01 GAR-XA-SB1-GD [done]
GAR-XA-SB1-RD [done]
GAR-XA-SB2 [done]

2013-07-22 21:01:02 GAR-XS-CHEP5BK [done]
GAR-XS-CHEP5BR [done]
GAR-XS-CHRX1BK [done]

2013-07-22 22:01:01 GAR-XS-CHRX1BR [done]
GAR-XS-CHX1MBKR [done]
GAR-XS-CHX1MB [done]
